<?xml version="1.0" encoding="UTF-8"?>
<!-- Generated by org.testng.reporters.JUnitXMLReporter -->
<testsuite ignored="0" hostname="suraj" failures="0" tests="2" name="Default test" time="35.639" errors="0" timestamp="2025-07-12T16:11:53 IST">
  <testcase classname="com.mystore.testcases.CheckOutstepTwoTest" name="finishChkOutStep" time="3.711"/>
  <testcase classname="com.mystore.testcases.CheckOutstepTwoTest" name="finishcheckoutsteplast" time="0.272"/>
</testsuite> <!-- Default test -->
